2019-09-16T19:56:06.7159719+02:00  [INF] Starting IdentityServer4 version "2.5.2.0" (8add0571)
2019-09-16T19:56:06.7674980+02:00  [INF] You are using the in-memory version of the persisted grant store. This will store consent decisions, authorization codes, refresh and reference tokens in memory only. If you are using any of those features in production, you want to switch to a different store implementation. (553c312b)
2019-09-16T19:56:06.7967817+02:00  [INF] Using the default authentication scheme "Identity.Application" for IdentityServer (4a54f457)
2019-09-16T19:56:06.8000875+02:00  [DBG] Using "Identity.Application" as default ASP.NET Core scheme for authentication (0e978528)
2019-09-16T19:56:06.8031261+02:00  [DBG] Using "Identity.External" as default ASP.NET Core scheme for sign-in (efa4d8bf)
2019-09-16T19:56:06.8057137+02:00  [DBG] Using "Identity.External" as default ASP.NET Core scheme for sign-out (af69d411)
2019-09-16T19:56:06.8082881+02:00  [DBG] Using "Identity.Application" as default ASP.NET Core scheme for challenge (a98173a7)
2019-09-16T19:56:06.8138087+02:00  [DBG] Using "Identity.Application" as default ASP.NET Core scheme for forbid (0f42bc5a)
2019-09-16T19:56:07.8063573+02:00 0HLPQPSJ8L7DS:00000001 [DBG] Login Url: "/Account/Login" (4c3637df)
2019-09-16T19:56:07.8129301+02:00 0HLPQPSJ8L7DS:00000001 [DBG] Login Return Url Parameter: "ReturnUrl" (d7f52555)
2019-09-16T19:56:07.8206518+02:00 0HLPQPSJ8L7DS:00000001 [DBG] Logout Url: "/Account/Logout" (0e25d80b)
2019-09-16T19:56:07.8270158+02:00 0HLPQPSJ8L7DS:00000001 [DBG] ConsentUrl Url: "/consent" (8c361a61)
2019-09-16T19:56:07.8306488+02:00 0HLPQPSJ8L7DS:00000001 [DBG] Consent Return Url Parameter: "returnUrl" (86725be5)
2019-09-16T19:56:07.8379749+02:00 0HLPQPSJ8L7DS:00000001 [DBG] Error Url: "/home/error" (78f587f6)
2019-09-16T19:56:07.8407178+02:00 0HLPQPSJ8L7DS:00000001 [DBG] Error Id Parameter: "errorId" (6647d385)
2019-09-16T19:56:09.6683040+02:00  [ERR] Error reading src\app\assets\themes: no such file or directory.
 (d2f26045)
2019-09-16T19:57:40.3809402+02:00  [INF] Starting IdentityServer4 version "2.5.2.0" (8add0571)
2019-09-16T19:57:40.4023086+02:00  [INF] You are using the in-memory version of the persisted grant store. This will store consent decisions, authorization codes, refresh and reference tokens in memory only. If you are using any of those features in production, you want to switch to a different store implementation. (553c312b)
2019-09-16T19:57:40.4182518+02:00  [INF] Using the default authentication scheme "Identity.Application" for IdentityServer (4a54f457)
2019-09-16T19:57:40.4204693+02:00  [DBG] Using "Identity.Application" as default ASP.NET Core scheme for authentication (0e978528)
2019-09-16T19:57:40.4226802+02:00  [DBG] Using "Identity.External" as default ASP.NET Core scheme for sign-in (efa4d8bf)
2019-09-16T19:57:40.4249217+02:00  [DBG] Using "Identity.External" as default ASP.NET Core scheme for sign-out (af69d411)
2019-09-16T19:57:40.4273432+02:00  [DBG] Using "Identity.Application" as default ASP.NET Core scheme for challenge (a98173a7)
2019-09-16T19:57:40.4320022+02:00  [DBG] Using "Identity.Application" as default ASP.NET Core scheme for forbid (0f42bc5a)
2019-09-16T19:57:41.1404234+02:00 0HLPQPTF35KDU:00000001 [DBG] Login Url: "/Account/Login" (4c3637df)
2019-09-16T19:57:41.1475451+02:00 0HLPQPTF35KDU:00000001 [DBG] Login Return Url Parameter: "ReturnUrl" (d7f52555)
2019-09-16T19:57:41.1503596+02:00 0HLPQPTF35KDU:00000001 [DBG] Logout Url: "/Account/Logout" (0e25d80b)
2019-09-16T19:57:41.1541750+02:00 0HLPQPTF35KDU:00000001 [DBG] ConsentUrl Url: "/consent" (8c361a61)
2019-09-16T19:57:41.1724315+02:00 0HLPQPTF35KDU:00000001 [DBG] Consent Return Url Parameter: "returnUrl" (86725be5)
2019-09-16T19:57:41.1754861+02:00 0HLPQPTF35KDU:00000001 [DBG] Error Url: "/home/error" (78f587f6)
2019-09-16T19:57:41.1803819+02:00 0HLPQPTF35KDU:00000001 [DBG] Error Id Parameter: "errorId" (6647d385)
2019-09-16T19:57:43.1899976+02:00  [ERR] Error reading src\app\assets\themes: no such file or directory.
 (d2f26045)
2019-09-16T20:06:43.4302649+02:00  [INF] Starting IdentityServer4 version "2.5.2.0" (8add0571)
2019-09-16T20:06:43.4675409+02:00  [INF] You are using the in-memory version of the persisted grant store. This will store consent decisions, authorization codes, refresh and reference tokens in memory only. If you are using any of those features in production, you want to switch to a different store implementation. (553c312b)
2019-09-16T20:06:43.4800098+02:00  [INF] Using the default authentication scheme "Identity.Application" for IdentityServer (4a54f457)
2019-09-16T20:06:43.4823696+02:00  [DBG] Using "Identity.Application" as default ASP.NET Core scheme for authentication (0e978528)
2019-09-16T20:06:43.4848368+02:00  [DBG] Using "Identity.External" as default ASP.NET Core scheme for sign-in (efa4d8bf)
2019-09-16T20:06:43.4874728+02:00  [DBG] Using "Identity.External" as default ASP.NET Core scheme for sign-out (af69d411)
2019-09-16T20:06:43.4987938+02:00  [DBG] Using "Identity.Application" as default ASP.NET Core scheme for challenge (a98173a7)
2019-09-16T20:06:43.5036426+02:00  [DBG] Using "Identity.Application" as default ASP.NET Core scheme for forbid (0f42bc5a)
2019-09-16T20:06:44.4721029+02:00 0HLPQQ2H0FRKE:00000001 [DBG] Login Url: "/Account/Login" (4c3637df)
2019-09-16T20:06:44.5263340+02:00 0HLPQQ2H0FRKE:00000001 [DBG] Login Return Url Parameter: "ReturnUrl" (d7f52555)
2019-09-16T20:06:44.5346155+02:00 0HLPQQ2H0FRKE:00000001 [DBG] Logout Url: "/Account/Logout" (0e25d80b)
2019-09-16T20:06:44.5427396+02:00 0HLPQQ2H0FRKE:00000001 [DBG] ConsentUrl Url: "/consent" (8c361a61)
2019-09-16T20:06:44.5473672+02:00 0HLPQQ2H0FRKE:00000001 [DBG] Consent Return Url Parameter: "returnUrl" (86725be5)
2019-09-16T20:06:44.5503421+02:00 0HLPQQ2H0FRKE:00000001 [DBG] Error Url: "/home/error" (78f587f6)
2019-09-16T20:06:44.5547932+02:00 0HLPQQ2H0FRKE:00000001 [DBG] Error Id Parameter: "errorId" (6647d385)
2019-09-16T20:06:46.2409845+02:00  [ERR] Error reading src\app\assets\themes: no such file or directory.
 (d2f26045)
2019-09-16T20:15:28.5738448+02:00  [INF] Starting IdentityServer4 version "2.5.2.0" (8add0571)
2019-09-16T20:15:28.6001930+02:00  [INF] You are using the in-memory version of the persisted grant store. This will store consent decisions, authorization codes, refresh and reference tokens in memory only. If you are using any of those features in production, you want to switch to a different store implementation. (553c312b)
2019-09-16T20:15:28.6234799+02:00  [INF] Using the default authentication scheme "Identity.Application" for IdentityServer (4a54f457)
2019-09-16T20:15:28.6260555+02:00  [DBG] Using "Identity.Application" as default ASP.NET Core scheme for authentication (0e978528)
2019-09-16T20:15:28.6297733+02:00  [DBG] Using "Identity.External" as default ASP.NET Core scheme for sign-in (efa4d8bf)
2019-09-16T20:15:28.6340595+02:00  [DBG] Using "Identity.External" as default ASP.NET Core scheme for sign-out (af69d411)
2019-09-16T20:15:28.6381987+02:00  [DBG] Using "Identity.Application" as default ASP.NET Core scheme for challenge (a98173a7)
2019-09-16T20:15:28.6427677+02:00  [DBG] Using "Identity.Application" as default ASP.NET Core scheme for forbid (0f42bc5a)
2019-09-16T20:15:29.5414560+02:00 0HLPQQ7DGCMAB:00000001 [DBG] Login Url: "/Account/Login" (4c3637df)
2019-09-16T20:15:29.5456548+02:00 0HLPQQ7DGCMAB:00000001 [DBG] Login Return Url Parameter: "ReturnUrl" (d7f52555)
2019-09-16T20:15:29.5479945+02:00 0HLPQQ7DGCMAB:00000001 [DBG] Logout Url: "/Account/Logout" (0e25d80b)
2019-09-16T20:15:29.5500761+02:00 0HLPQQ7DGCMAB:00000001 [DBG] ConsentUrl Url: "/consent" (8c361a61)
2019-09-16T20:15:29.5522252+02:00 0HLPQQ7DGCMAB:00000001 [DBG] Consent Return Url Parameter: "returnUrl" (86725be5)
2019-09-16T20:15:29.5544991+02:00 0HLPQQ7DGCMAB:00000001 [DBG] Error Url: "/home/error" (78f587f6)
2019-09-16T20:15:29.5579557+02:00 0HLPQQ7DGCMAB:00000001 [DBG] Error Id Parameter: "errorId" (6647d385)
2019-09-16T20:15:31.1727593+02:00  [ERR] Error reading src\app\assets\themes: no such file or directory.
 (d2f26045)
2019-09-16T23:41:05.0997989+02:00  [INF] Starting IdentityServer4 version "2.5.2.0" (8add0571)
2019-09-16T23:41:05.1218086+02:00  [INF] You are using the in-memory version of the persisted grant store. This will store consent decisions, authorization codes, refresh and reference tokens in memory only. If you are using any of those features in production, you want to switch to a different store implementation. (553c312b)
2019-09-16T23:41:05.1402009+02:00  [INF] Using the default authentication scheme "Identity.Application" for IdentityServer (4a54f457)
2019-09-16T23:41:05.1425683+02:00  [DBG] Using "Identity.Application" as default ASP.NET Core scheme for authentication (0e978528)
2019-09-16T23:41:05.1447115+02:00  [DBG] Using "Identity.External" as default ASP.NET Core scheme for sign-in (efa4d8bf)
2019-09-16T23:41:05.1468091+02:00  [DBG] Using "Identity.External" as default ASP.NET Core scheme for sign-out (af69d411)
2019-09-16T23:41:05.1498715+02:00  [DBG] Using "Identity.Application" as default ASP.NET Core scheme for challenge (a98173a7)
2019-09-16T23:41:05.1712024+02:00  [DBG] Using "Identity.Application" as default ASP.NET Core scheme for forbid (0f42bc5a)
2019-09-16T23:41:05.9806444+02:00 0HLPQTQA246L2:00000001 [DBG] Login Url: "/Account/Login" (4c3637df)
2019-09-16T23:41:05.9845253+02:00 0HLPQTQA246L2:00000001 [DBG] Login Return Url Parameter: "ReturnUrl" (d7f52555)
2019-09-16T23:41:05.9865441+02:00 0HLPQTQA246L2:00000001 [DBG] Logout Url: "/Account/Logout" (0e25d80b)
2019-09-16T23:41:05.9885254+02:00 0HLPQTQA246L2:00000001 [DBG] ConsentUrl Url: "/consent" (8c361a61)
2019-09-16T23:41:05.9905059+02:00 0HLPQTQA246L2:00000001 [DBG] Consent Return Url Parameter: "returnUrl" (86725be5)
2019-09-16T23:41:05.9924847+02:00 0HLPQTQA246L2:00000001 [DBG] Error Url: "/home/error" (78f587f6)
2019-09-16T23:41:05.9944222+02:00 0HLPQTQA246L2:00000001 [DBG] Error Id Parameter: "errorId" (6647d385)
2019-09-16T23:56:38.9937633+02:00  [INF] Starting IdentityServer4 version "2.5.2.0" (8add0571)
2019-09-16T23:56:39.0229635+02:00  [INF] You are using the in-memory version of the persisted grant store. This will store consent decisions, authorization codes, refresh and reference tokens in memory only. If you are using any of those features in production, you want to switch to a different store implementation. (553c312b)
2019-09-16T23:56:39.0336298+02:00  [INF] Using the default authentication scheme "Identity.Application" for IdentityServer (4a54f457)
2019-09-16T23:56:39.0360278+02:00  [DBG] Using "Identity.Application" as default ASP.NET Core scheme for authentication (0e978528)
2019-09-16T23:56:39.0381883+02:00  [DBG] Using "Identity.External" as default ASP.NET Core scheme for sign-in (efa4d8bf)
2019-09-16T23:56:39.0401362+02:00  [DBG] Using "Identity.External" as default ASP.NET Core scheme for sign-out (af69d411)
2019-09-16T23:56:39.0433169+02:00  [DBG] Using "Identity.Application" as default ASP.NET Core scheme for challenge (a98173a7)
2019-09-16T23:56:39.0454298+02:00  [DBG] Using "Identity.Application" as default ASP.NET Core scheme for forbid (0f42bc5a)
2019-09-16T23:56:39.8243955+02:00 0HLPQU30BVBBN:00000001 [DBG] Login Url: "/Account/Login" (4c3637df)
2019-09-16T23:56:39.8284561+02:00 0HLPQU30BVBBN:00000001 [DBG] Login Return Url Parameter: "ReturnUrl" (d7f52555)
2019-09-16T23:56:39.8325578+02:00 0HLPQU30BVBBN:00000001 [DBG] Logout Url: "/Account/Logout" (0e25d80b)
2019-09-16T23:56:39.8363728+02:00 0HLPQU30BVBBN:00000001 [DBG] ConsentUrl Url: "/consent" (8c361a61)
2019-09-16T23:56:39.8386639+02:00 0HLPQU30BVBBN:00000001 [DBG] Consent Return Url Parameter: "returnUrl" (86725be5)
2019-09-16T23:56:39.8407615+02:00 0HLPQU30BVBBN:00000001 [DBG] Error Url: "/home/error" (78f587f6)
2019-09-16T23:56:39.8428483+02:00 0HLPQU30BVBBN:00000001 [DBG] Error Id Parameter: "errorId" (6647d385)
2019-09-16T23:58:25.4568710+02:00  [INF] Starting IdentityServer4 version "2.5.2.0" (8add0571)
2019-09-16T23:58:25.4777566+02:00  [INF] You are using the in-memory version of the persisted grant store. This will store consent decisions, authorization codes, refresh and reference tokens in memory only. If you are using any of those features in production, you want to switch to a different store implementation. (553c312b)
2019-09-16T23:58:25.4902246+02:00  [INF] Using the default authentication scheme "Identity.Application" for IdentityServer (4a54f457)
2019-09-16T23:58:25.4924309+02:00  [DBG] Using "Identity.Application" as default ASP.NET Core scheme for authentication (0e978528)
2019-09-16T23:58:25.4946306+02:00  [DBG] Using "Identity.External" as default ASP.NET Core scheme for sign-in (efa4d8bf)
2019-09-16T23:58:25.4968638+02:00  [DBG] Using "Identity.External" as default ASP.NET Core scheme for sign-out (af69d411)
2019-09-16T23:58:25.5001731+02:00  [DBG] Using "Identity.Application" as default ASP.NET Core scheme for challenge (a98173a7)
2019-09-16T23:58:25.5027512+02:00  [DBG] Using "Identity.Application" as default ASP.NET Core scheme for forbid (0f42bc5a)
2019-09-16T23:58:26.2118445+02:00 0HLPQU40202OF:00000001 [DBG] Login Url: "/Account/Login" (4c3637df)
2019-09-16T23:58:26.2156743+02:00 0HLPQU40202OF:00000001 [DBG] Login Return Url Parameter: "ReturnUrl" (d7f52555)
2019-09-16T23:58:26.2182796+02:00 0HLPQU40202OF:00000001 [DBG] Logout Url: "/Account/Logout" (0e25d80b)
2019-09-16T23:58:26.2204496+02:00 0HLPQU40202OF:00000001 [DBG] ConsentUrl Url: "/consent" (8c361a61)
2019-09-16T23:58:26.2223561+02:00 0HLPQU40202OF:00000001 [DBG] Consent Return Url Parameter: "returnUrl" (86725be5)
2019-09-16T23:58:26.2243154+02:00 0HLPQU40202OF:00000001 [DBG] Error Url: "/home/error" (78f587f6)
2019-09-16T23:58:26.2262541+02:00 0HLPQU40202OF:00000001 [DBG] Error Id Parameter: "errorId" (6647d385)
